<?xml version="1.0" encoding="UTF-8"?>
<!-- Generated by org.testng.reporters.JUnitReportReporter -->
<testsuite hostname="LAPTOP-A1E2UK5V" failures="0" tests="4" name="basics" time="169.021" errors="0" timestamp="2020-05-20T22:01:14 PDT" skipped="0">
  <testcase classname="basics" name="mediaCapture" time="58.737"/>
  <system-out/>
  <testcase classname="basics" name="overlayTest" time="35.330"/>
  <system-out/>
  <testcase classname="basics" name="textOverlay" time="32.050"/>
  <system-out/>
  <testcase classname="basics" name="tiltSense" time="42.904"/>
  <system-out/>
</testsuite> <!-- basics -->
