<?xml version="1.0" encoding="UTF-8"?>
<!-- Generated by org.testng.reporters.JUnitReportReporter -->
<testsuite hostname="LAPTOP-A1E2UK5V" failures="0" tests="1" name="tiltSense" time="46.748" errors="0" timestamp="2020-05-17T20:21:22 PDT" skipped="0">
  <testcase classname="tiltSense" name="tiltSense" time="46.748"/>
  <system-out/>
</testsuite> <!-- tiltSense -->
