<?xml version="1.0" encoding="UTF-8"?>
<!-- Generated by org.testng.reporters.JUnitReportReporter -->
<testsuite hostname="LAPTOP-A1E2UK5V" failures="0" tests="1" name="batteryStat" time="37.498" errors="0" timestamp="2020-05-20T23:58:21 PDT" skipped="0">
  <testcase classname="batteryStat" name="batteryStat" time="37.498"/>
  <system-out/>
</testsuite> <!-- batteryStat -->
